<?xml version="1.0" encoding="UTF-8"?>
<testng-results ignored="0" total="2" passed="2" failed="0" skipped="0">
  <reporter-output>
  </reporter-output>
  <suite started-at="2023-07-18T19:47:04 IST" name="Default suite" finished-at="2023-07-18T19:47:31 IST" duration-ms="27330">
    <groups>
    </groups>
    <test started-at="2023-07-18T19:47:04 IST" name="Default test" finished-at="2023-07-18T19:47:31 IST" duration-ms="27330">
      <class name="ATP.Register_User">
        <test-method is-config="true" signature="setUp(org.testng.ITestContext)[pri:0, instance:ATP.Register_User@53045c6c]" started-at="2023-07-18T19:47:04 IST" name="setUp" finished-at="2023-07-18T19:47:11 IST" duration-ms="6956" status="PASS">
          <params>
            <param index="0">
              <value>
                <![CDATA[org.testng.TestRunner@46a488c2]]>
              </value>
            </param>
          </params>
          <reporter-output>
          </reporter-output>
        </test-method> <!-- setUp -->
        <test-method signature="register()[pri:0, instance:ATP.Register_User@53045c6c]" started-at="2023-07-18T19:47:11 IST" name="register" description="User Registration" finished-at="2023-07-18T19:47:27 IST" duration-ms="16335" status="PASS">
          <reporter-output>
          </reporter-output>
        </test-method> <!-- register -->
        <test-method signature="loginUser()[pri:0, instance:ATP.Register_User@53045c6c]" started-at="2023-07-18T19:47:27 IST" name="loginUser" description="User Login" finished-at="2023-07-18T19:47:31 IST" depends-on-methods="ATP.Register_User.register" duration-ms="3767" status="PASS">
          <reporter-output>
          </reporter-output>
        </test-method> <!-- loginUser -->
        <test-method is-config="true" signature="tearDown()[pri:0, instance:ATP.Register_User@53045c6c]" started-at="2023-07-18T19:47:31 IST" name="tearDown" finished-at="2023-07-18T19:47:31 IST" duration-ms="215" status="PASS">
          <reporter-output>
          </reporter-output>
        </test-method> <!-- tearDown -->
      </class> <!-- ATP.Register_User -->
    </test> <!-- Default test -->
  </suite> <!-- Default suite -->
</testng-results>
